Flutter crash report.
Please report a bug at https://github.com/flutter/flutter/issues.

## command

flutter debug_adapter

## exception

FileSystemException: FileSystemException: writeFrom failed, path = '' (OS Error: Broken pipe, errno = 32)

```
#0      _checkForErrorResponse (dart:io/common.dart:58:9)
#1      _RandomAccessFile.writeFrom.<anonymous closure> (dart:io/file_impl.dart:1000:7)
#2      _rootRunUnary (dart:async/zone.dart:1538:47)
<asynchronous suspension>
#3      _FileStreamConsumer.addStream.<anonymous closure>.<anonymous closure>.<anonymous closure> (dart:io/file_impl.dart:237:27)
<asynchronous suspension>
```

## flutter doctor

```
[!] Flutter (Channel stable, 3.29.2, on macOS 15.1 24B83 darwin-arm64, locale en-BR) [8.3s]
    • Flutter version 3.29.2 on channel stable at /Users/milenevilopes/development/flutter
    ! Warning: `dart` on your path resolves to /usr/local/Cellar/dart/2.19.2/libexec/bin/dart, which is not inside your current Flutter SDK checkout at /Users/milenevilopes/development/flutter. Consider adding /Users/milenevilopes/development/flutter/bin to the front of your path.
    • Upstream repository https://github.com/flutter/flutter.git
    • Framework revision c236373904 (3 weeks ago), 2025-03-13 16:17:06 -0400
    • Engine revision 18b71d647a
    • Dart version 3.7.2
    • DevTools version 2.42.3
    • If those were intentional, you can disregard the above warnings; however it is recommended to use "git" directly to perform update checks and upgrades.

[✓] Android toolchain - develop for Android devices (Android SDK version 35.0.1) [4.0s]
    • Android SDK at /Users/milenevilopes/Library/Android/sdk
    • Platform android-35, build-tools 35.0.1
    • ANDROID_HOME = /Users/milenevilopes/Library/Android/sdk
    • Java binary at: /Applications/Android Studio.app/Contents/jbr/Contents/Home/bin/java
      This is the JDK bundled with the latest Android Studio installation on this machine.
      To manually set the JDK path, use: `flutter config --jdk-dir="path/to/jdk"`.
    • Java version OpenJDK Runtime Environment (build 21.0.5+-12932927-b750.29)
    • All Android licenses accepted.

[!] Xcode - develop for iOS and macOS (Xcode 16.2) [15.1s]
    • Xcode at /Applications/Xcode.app/Contents/Developer
    • Build 16C5032a
    ! iOS 18.2 Simulator not installed; this may be necessary for iOS and macOS development.
      To download and install the platform, open Xcode, select Xcode > Settings > Components,
      and click the GET button for the required platform.

      For more information, please visit:
        https://developer.apple.com/documentation/xcode/installing-additional-simulator-runtimes
    ! CocoaPods 1.14.2 out of date (1.16.2 is recommended).
        CocoaPods is a package manager for iOS or macOS platform code.
        Without CocoaPods, plugins will not work on iOS or macOS.
        For more info, see https://flutter.dev/to/platform-plugins
      To update CocoaPods, see https://guides.cocoapods.org/using/getting-started.html#updating-cocoapods

[✓] Chrome - develop for the web [6ms]
    • Chrome at /Applications/Google Chrome.app/Contents/MacOS/Google Chrome

[✓] Android Studio (version 2024.3) [6ms]
    • Android Studio at /Applications/Android Studio.app/Contents
    • Flutter plugin can be installed from:
      🔨 https://plugins.jetbrains.com/plugin/9212-flutter
    • Dart plugin can be installed from:
      🔨 https://plugins.jetbrains.com/plugin/6351-dart
    • Java version OpenJDK Runtime Environment (build 21.0.5+-12932927-b750.29)

[✓] VS Code (version 1.86.1) [5ms]
    • VS Code at /Applications/Visual Studio Code 2.app/Contents
    • Flutter extension version 3.106.0

[✓] VS Code (version 1.97.2) [5ms]
    • VS Code at /Users/milenevilopes/Downloads/Visual Studio Code.app/Contents
    • Flutter extension version 3.106.0

[✓] Connected device (3 available) [6.2s]
    • macOS (desktop)                 • macos                 • darwin-arm64   • macOS 15.1 24B83 darwin-arm64
    • Mac Designed for iPad (desktop) • mac-designed-for-ipad • darwin         • macOS 15.1 24B83 darwin-arm64
    • Chrome (web)                    • chrome                • web-javascript • Google Chrome 134.0.6998.166

[✓] Network resources [775ms]
    • All expected network resources are available.

! Doctor found issues in 2 categories.
```
